{"id":"a778b0d0-1b5c-4f32-a3f3-32c43c45fbc8","timestamp":"2026-02-17T09:12:25.522Z","level":"success","source":"admin","message":"Configuration saved manually","metadata":{"timestamp":"2026-02-17T09:12:25.504Z"}}
{"id":"127f4475-d4b5-41cc-8194-510cc1535445","timestamp":"2026-02-17T09:12:34.931Z","level":"success","source":"admin","message":"Configuration saved manually","metadata":{"timestamp":"2026-02-17T09:12:34.917Z"}}
{"id":"8a647b03-c7bc-47cf-8c7b-ea0cc8fcaac0","timestamp":"2026-02-17T09:15:00.094Z","level":"success","source":"admin","message":"Configuration saved manually","metadata":{"timestamp":"2026-02-17T09:15:00.077Z"}}
{"id":"3bd4dc24-4ae9-4d8e-b467-294c6b3d013c","timestamp":"2026-02-17T09:16:14.193Z","level":"success","source":"admin","message":"Configuration saved manually","metadata":{"timestamp":"2026-02-17T09:16:14.179Z"}}
{"id":"6140c571-8bec-42e4-a3a7-8ac031fa0890","timestamp":"2026-02-17T09:16:50.165Z","level":"success","source":"admin","message":"Configuration saved manually","metadata":{"timestamp":"2026-02-17T09:16:50.151Z"}}
{"id":"9abda836-291c-4ade-a2f3-eb62b293eacc","timestamp":"2026-02-17T09:17:23.664Z","level":"success","source":"admin","message":"Configuration saved manually","metadata":{"timestamp":"2026-02-17T09:17:23.650Z"}}
{"id":"3c5ba94f-1064-45b9-8129-82e2936b4201","timestamp":"2026-02-17T09:17:29.471Z","level":"success","source":"admin","message":"Configuration saved manually","metadata":{"timestamp":"2026-02-17T09:17:29.459Z"}}
{"id":"728b6284-7cf9-4c8c-9006-6d5c37fa4332","timestamp":"2026-02-17T09:17:35.277Z","level":"success","source":"admin","message":"Configuration saved manually","metadata":{"timestamp":"2026-02-17T09:17:35.260Z"}}
{"id":"bbb59930-2113-487e-9a8e-ea97142fff98","timestamp":"2026-02-17T09:17:50.718Z","level":"success","source":"admin","message":"Configuration saved manually","metadata":{"timestamp":"2026-02-17T09:17:50.595Z"}}
{"id":"2833b9a2-799c-4a5b-b459-e3358f656239","timestamp":"2026-02-17T09:17:54.316Z","level":"success","source":"admin","message":"Configuration saved manually","metadata":{"timestamp":"2026-02-17T09:17:54.304Z"}}
{"id":"2f4b1048-9a44-4713-b618-161fb86c985d","timestamp":"2026-02-17T09:18:00.018Z","level":"success","source":"admin","message":"Configuration saved manually","metadata":{"timestamp":"2026-02-17T09:17:59.912Z"}}
{"id":"fa1852b0-befb-4a0e-b8d3-6fb3e758c7aa","timestamp":"2026-02-17T09:18:04.450Z","level":"success","source":"admin","message":"Configuration saved manually","metadata":{"timestamp":"2026-02-17T09:18:04.434Z"}}
{"id":"14dede4a-a4d9-4bd3-a534-f985ea417ca8","timestamp":"2026-02-17T09:18:05.695Z","level":"success","source":"admin","message":"Configuration saved manually","metadata":{"timestamp":"2026-02-17T09:18:05.684Z"}}
{"id":"09a9ccb7-6e97-4291-b8fa-f56415e32c31","timestamp":"2026-02-17T09:19:22.892Z","level":"info","source":"system","message":"Client Connected: test-device-123","metadata":{"key":"default","deviceId":"test-device-123"}}
{"id":"ce5aa084-7c2f-47fe-ad8e-1c56ad08b093","timestamp":"2026-02-17T09:19:25.398Z","level":"success","source":"system","message":"Configuration updated for key: mosque-5788tuii","metadata":{"key":"mosque-5788tuii","updatedBy":"254766cb-ad42-4332-860e-a58b74f6eb55"}}
{"id":"f36fc3ca-a77a-4fda-91ec-5a08728494cb","timestamp":"2026-02-17T09:19:25.416Z","level":"success","source":"admin","message":"Configuration saved manually","metadata":{"timestamp":"2026-02-17T09:19:25.403Z"}}
{"id":"ea825ccb-5b53-45a0-96b9-901f9b4e2e26","timestamp":"2026-02-17T09:19:36.243Z","level":"success","source":"system","message":"Configuration updated for key: mosque-5788tuii","metadata":{"key":"mosque-5788tuii","updatedBy":"254766cb-ad42-4332-860e-a58b74f6eb55"}}
{"id":"d5a0bca9-ed0b-4f67-9646-91eb5aef3b83","timestamp":"2026-02-17T09:19:36.262Z","level":"success","source":"admin","message":"Configuration saved manually","metadata":{"timestamp":"2026-02-17T09:19:36.247Z"}}
{"id":"5bc1492f-9147-4484-89d8-e7b91d530583","timestamp":"2026-02-17T09:20:21.712Z","level":"success","source":"system","message":"Configuration updated for key: mosque-5788tuii","metadata":{"key":"mosque-5788tuii","updatedBy":"254766cb-ad42-4332-860e-a58b74f6eb55"}}
{"id":"b124e9db-943e-404f-aa2c-20a750d859ab","timestamp":"2026-02-17T09:20:21.730Z","level":"success","source":"admin","message":"Configuration saved manually","metadata":{"timestamp":"2026-02-17T09:20:21.717Z"}}
{"id":"64c253a5-fcec-4de0-ac13-ac40f23433b4","timestamp":"2026-02-17T09:20:29.390Z","level":"success","source":"system","message":"Configuration updated for key: mosque-5788tuii","metadata":{"key":"mosque-5788tuii","updatedBy":"254766cb-ad42-4332-860e-a58b74f6eb55"}}
{"id":"8f471f94-efa1-40e8-b04b-50a004d37716","timestamp":"2026-02-17T09:20:29.414Z","level":"success","source":"admin","message":"Configuration saved manually","metadata":{"timestamp":"2026-02-17T09:20:29.397Z"}}
{"id":"f40db33b-f881-41fb-8087-2946aafcb97a","timestamp":"2026-02-17T09:20:35.372Z","level":"success","source":"system","message":"Configuration updated for key: mosque-5788tuii","metadata":{"key":"mosque-5788tuii","updatedBy":"254766cb-ad42-4332-860e-a58b74f6eb55"}}
{"id":"45204c4e-d518-4a90-9303-73a4f890abf0","timestamp":"2026-02-17T09:20:35.390Z","level":"success","source":"admin","message":"Configuration saved manually","metadata":{"timestamp":"2026-02-17T09:20:35.376Z"}}
{"id":"dd3a00e8-7824-4fe6-847f-75014f766626","timestamp":"2026-02-17T09:20:53.640Z","level":"success","source":"system","message":"Configuration updated for key: mosque-5788tuii","metadata":{"key":"mosque-5788tuii","updatedBy":"254766cb-ad42-4332-860e-a58b74f6eb55"}}
{"id":"3f9486a4-ddcd-45e4-baf1-f63173975f32","timestamp":"2026-02-17T09:20:53.668Z","level":"success","source":"admin","message":"Configuration saved manually","metadata":{"timestamp":"2026-02-17T09:20:53.646Z"}}
{"id":"feae18cc-3d2a-42bd-b913-72a566102cfe","timestamp":"2026-02-17T09:21:01.279Z","level":"success","source":"system","message":"Configuration updated for key: mosque-5788tuii","metadata":{"key":"mosque-5788tuii","updatedBy":"254766cb-ad42-4332-860e-a58b74f6eb55"}}
{"id":"9402dfab-1b5d-42e0-b5dc-62fae8e43423","timestamp":"2026-02-17T09:21:01.320Z","level":"success","source":"admin","message":"Configuration saved manually","metadata":{"timestamp":"2026-02-17T09:21:01.295Z"}}
{"id":"03cfbb06-b073-42a0-b3a5-118e954c916b","timestamp":"2026-02-17T09:32:07.736Z","level":"success","source":"system","message":"Configuration updated for key: mosque-5788tuii","metadata":{"key":"mosque-5788tuii","updatedBy":"254766cb-ad42-4332-860e-a58b74f6eb55"}}
{"id":"8ac40fee-b5ae-46b4-a149-a17574fcda4e","timestamp":"2026-02-17T09:32:07.798Z","level":"success","source":"admin","message":"Configuration saved manually","metadata":{"timestamp":"2026-02-17T09:32:07.740Z"}}
{"id":"814992ba-df82-42f5-bdd0-219da3232502","timestamp":"2026-02-17T09:32:10.791Z","level":"success","source":"system","message":"Configuration updated for key: mosque-5788tuii","metadata":{"key":"mosque-5788tuii","updatedBy":"254766cb-ad42-4332-860e-a58b74f6eb55"}}
{"id":"87e0f6dd-7d8f-4d95-bfa8-995701c88083","timestamp":"2026-02-17T09:32:10.811Z","level":"success","source":"admin","message":"Configuration saved manually","metadata":{"timestamp":"2026-02-17T09:32:10.794Z"}}
{"id":"75784ad9-39fd-4fe3-a015-7cb0a208c338","timestamp":"2026-02-17T09:32:19.860Z","level":"success","source":"system","message":"Configuration updated for key: mosque-5788tuii","metadata":{"key":"mosque-5788tuii","updatedBy":"254766cb-ad42-4332-860e-a58b74f6eb55"}}
{"id":"2d044dfe-15e2-450f-8f1a-ca09336e2078","timestamp":"2026-02-17T09:32:19.881Z","level":"success","source":"admin","message":"Configuration saved manually","metadata":{"timestamp":"2026-02-17T09:32:19.865Z"}}
{"id":"38e9b715-9bd7-4924-9e18-8ec99ea760e3","timestamp":"2026-02-17T09:32:28.827Z","level":"success","source":"system","message":"Configuration updated for key: mosque-5788tuii","metadata":{"key":"mosque-5788tuii","updatedBy":"254766cb-ad42-4332-860e-a58b74f6eb55"}}
{"id":"625c7377-ff3d-46a1-bc0f-821091d53357","timestamp":"2026-02-17T09:32:28.843Z","level":"success","source":"admin","message":"Configuration saved manually","metadata":{"timestamp":"2026-02-17T09:32:28.831Z"}}
{"id":"e338199e-369f-4a9d-aa58-dba00756f7ad","timestamp":"2026-02-17T09:32:38.316Z","level":"success","source":"system","message":"Configuration updated for key: mosque-5788tuii","metadata":{"key":"mosque-5788tuii","updatedBy":"254766cb-ad42-4332-860e-a58b74f6eb55"}}
{"id":"d71177af-70ac-4874-b371-bab472c76ed2","timestamp":"2026-02-17T09:32:38.334Z","level":"success","source":"admin","message":"Configuration saved manually","metadata":{"timestamp":"2026-02-17T09:32:38.321Z"}}
{"id":"511afc11-16ad-45fb-a6f6-797577546509","timestamp":"2026-02-17T09:32:47.365Z","level":"success","source":"system","message":"Configuration updated for key: mosque-5788tuii","metadata":{"key":"mosque-5788tuii","updatedBy":"254766cb-ad42-4332-860e-a58b74f6eb55"}}
{"id":"c82d12bf-0a18-47ec-9882-1e703555e12a","timestamp":"2026-02-17T09:32:47.395Z","level":"success","source":"admin","message":"Configuration saved manually","metadata":{"timestamp":"2026-02-17T09:32:47.372Z"}}
{"id":"f5bb4954-7970-4be9-8722-15ad5ce1fbd1","timestamp":"2026-02-17T09:33:09.743Z","level":"success","source":"system","message":"Configuration updated for key: mosque-5788tuii","metadata":{"key":"mosque-5788tuii","updatedBy":"254766cb-ad42-4332-860e-a58b74f6eb55"}}
{"id":"775946fd-813b-44e7-86ea-08822c327926","timestamp":"2026-02-17T09:33:09.758Z","level":"success","source":"admin","message":"Configuration saved manually","metadata":{"timestamp":"2026-02-17T09:33:09.747Z"}}
{"id":"71705031-2d83-477d-be8e-0b6ab873baed","timestamp":"2026-02-17T09:34:11.577Z","level":"success","source":"system","message":"Configuration updated for key: mosque-5788tuii","metadata":{"key":"mosque-5788tuii","updatedBy":"254766cb-ad42-4332-860e-a58b74f6eb55"}}
{"id":"95ac4ae4-ec91-4223-8daa-739bee373c51","timestamp":"2026-02-17T09:34:11.597Z","level":"success","source":"admin","message":"Configuration saved manually","metadata":{"timestamp":"2026-02-17T09:34:11.581Z"}}
{"id":"e3355135-a643-481b-999c-d31ce9183772","timestamp":"2026-02-17T09:34:24.104Z","level":"success","source":"system","message":"Configuration updated for key: mosque-5788tuii","metadata":{"key":"mosque-5788tuii","updatedBy":"254766cb-ad42-4332-860e-a58b74f6eb55"}}
{"id":"72337191-8592-4b4c-aa9e-9c9b4c37b43f","timestamp":"2026-02-17T09:34:24.122Z","level":"success","source":"admin","message":"Configuration saved manually","metadata":{"timestamp":"2026-02-17T09:34:24.108Z"}}
{"id":"3dad8016-1ccd-43ce-b983-aab5f531d932","timestamp":"2026-02-17T09:34:27.330Z","level":"success","source":"system","message":"Configuration updated for key: mosque-5788tuii","metadata":{"key":"mosque-5788tuii","updatedBy":"254766cb-ad42-4332-860e-a58b74f6eb55"}}
{"id":"17665d4d-e05c-4e54-bddb-2e432792a00a","timestamp":"2026-02-17T09:34:27.347Z","level":"success","source":"admin","message":"Configuration saved manually","metadata":{"timestamp":"2026-02-17T09:34:27.334Z"}}
{"id":"8061bf14-6685-47c7-b9a6-9408cf975d14","timestamp":"2026-02-17T09:35:08.485Z","level":"success","source":"system","message":"Configuration updated for key: mosque-5788tuii","metadata":{"key":"mosque-5788tuii","updatedBy":"254766cb-ad42-4332-860e-a58b74f6eb55"}}
{"id":"2d6d96ce-ce10-41c4-bde3-2b30dc4d3789","timestamp":"2026-02-17T09:35:08.520Z","level":"success","source":"admin","message":"Configuration saved manually","metadata":{"timestamp":"2026-02-17T09:35:08.495Z"}}
{"id":"223691d3-e308-49e5-99e9-0b32d75ca60c","timestamp":"2026-02-17T09:38:58.038Z","level":"success","source":"system","message":"Configuration updated for key: mosque-5788tuii","metadata":{"key":"mosque-5788tuii","updatedBy":"254766cb-ad42-4332-860e-a58b74f6eb55"}}
{"id":"cbcb7d01-94b6-44ee-a10c-ab0d12c492a8","timestamp":"2026-02-17T09:38:58.059Z","level":"success","source":"admin","message":"Configuration saved manually","metadata":{"timestamp":"2026-02-17T09:38:58.044Z"}}
{"id":"7574a29a-c394-46d0-85af-b6cf24097d1d","timestamp":"2026-02-17T09:39:14.104Z","level":"success","source":"system","message":"Configuration updated for key: mosque-5788tuii","metadata":{"key":"mosque-5788tuii","updatedBy":"254766cb-ad42-4332-860e-a58b74f6eb55"}}
{"id":"5e74f250-4f9b-42cb-91ed-b1b9edb1e0b8","timestamp":"2026-02-17T09:39:14.119Z","level":"success","source":"admin","message":"Configuration saved manually","metadata":{"timestamp":"2026-02-17T09:39:14.107Z"}}
{"id":"b5c7bec4-8340-4be5-a284-2c6162fef119","timestamp":"2026-02-17T09:39:22.305Z","level":"success","source":"system","message":"Configuration updated for key: mosque-5788tuii","metadata":{"key":"mosque-5788tuii","updatedBy":"254766cb-ad42-4332-860e-a58b74f6eb55"}}
{"id":"9a4d4f97-aed3-4bd1-a087-866e677be0ac","timestamp":"2026-02-17T09:39:22.322Z","level":"success","source":"admin","message":"Configuration saved manually","metadata":{"timestamp":"2026-02-17T09:39:22.309Z"}}
{"id":"bc21062f-c30b-4076-b01d-9abfae59dacd","timestamp":"2026-02-17T09:39:32.403Z","level":"success","source":"system","message":"Configuration updated for key: mosque-5788tuii","metadata":{"key":"mosque-5788tuii","updatedBy":"254766cb-ad42-4332-860e-a58b74f6eb55"}}
{"id":"552e95f6-06b3-44a7-ace0-23a46d3de2d1","timestamp":"2026-02-17T09:39:32.418Z","level":"success","source":"admin","message":"Configuration saved manually","metadata":{"timestamp":"2026-02-17T09:39:32.406Z"}}
{"id":"0d1a4cde-ae37-494a-8b5a-bc02fc3e9b1d","timestamp":"2026-02-17T09:39:38.095Z","level":"success","source":"system","message":"Configuration updated for key: mosque-5788tuii","metadata":{"key":"mosque-5788tuii","updatedBy":"254766cb-ad42-4332-860e-a58b74f6eb55"}}
{"id":"28f4b197-e9a2-4e10-934b-066d7464138d","timestamp":"2026-02-17T09:39:38.116Z","level":"success","source":"admin","message":"Configuration saved manually","metadata":{"timestamp":"2026-02-17T09:39:38.101Z"}}
{"id":"0a6b1a2b-a39f-411d-8343-9eb368af21b8","timestamp":"2026-02-17T09:41:09.846Z","level":"success","source":"system","message":"Configuration updated for key: mosque-5788tuii","metadata":{"key":"mosque-5788tuii","updatedBy":"254766cb-ad42-4332-860e-a58b74f6eb55"}}
{"id":"e1a1b934-9333-4db2-86ec-5de185e0b553","timestamp":"2026-02-17T09:41:09.872Z","level":"success","source":"admin","message":"Configuration saved manually","metadata":{"timestamp":"2026-02-17T09:41:09.860Z"}}
{"id":"6d95a8f5-d466-4bc0-866f-4ff590dc23ba","timestamp":"2026-02-17T09:41:23.176Z","level":"success","source":"system","message":"Configuration updated for key: mosque-5788tuii","metadata":{"key":"mosque-5788tuii","updatedBy":"254766cb-ad42-4332-860e-a58b74f6eb55"}}
{"id":"468c9bd9-5092-4af6-9028-93a8cfa594b7","timestamp":"2026-02-17T09:41:23.202Z","level":"success","source":"admin","message":"Configuration saved manually","metadata":{"timestamp":"2026-02-17T09:41:23.180Z"}}
{"id":"aeb14768-5a97-49cb-a498-98072b64798c","timestamp":"2026-02-17T09:41:28.120Z","level":"success","source":"system","message":"Configuration updated for key: mosque-5788tuii","metadata":{"key":"mosque-5788tuii","updatedBy":"254766cb-ad42-4332-860e-a58b74f6eb55"}}
{"id":"b6b04064-8be6-4827-8311-b16adf2fc69e","timestamp":"2026-02-17T09:41:28.144Z","level":"success","source":"admin","message":"Configuration saved manually","metadata":{"timestamp":"2026-02-17T09:41:28.125Z"}}
{"id":"d6490d45-dc85-4305-a318-ed93fc0cba5c","timestamp":"2026-02-17T09:41:35.807Z","level":"success","source":"system","message":"Configuration updated for key: mosque-5788tuii","metadata":{"key":"mosque-5788tuii","updatedBy":"254766cb-ad42-4332-860e-a58b74f6eb55"}}
{"id":"fc3bb575-4d79-4201-970c-91526de7d315","timestamp":"2026-02-17T09:41:35.843Z","level":"success","source":"admin","message":"Configuration saved manually","metadata":{"timestamp":"2026-02-17T09:41:35.820Z"}}
{"id":"b196bc5c-e299-4316-9206-3bf391058b50","timestamp":"2026-02-17T09:42:02.298Z","level":"success","source":"system","message":"Configuration updated for key: mosque-5788tuii","metadata":{"key":"mosque-5788tuii","updatedBy":"254766cb-ad42-4332-860e-a58b74f6eb55"}}
{"id":"05806f50-6325-4fa4-b2d3-3c2842e0d784","timestamp":"2026-02-17T09:42:02.333Z","level":"success","source":"admin","message":"Configuration saved manually","metadata":{"timestamp":"2026-02-17T09:42:02.310Z"}}
{"id":"bf3b1cd2-55a2-48cf-aa3c-1d1797f9fdd5","timestamp":"2026-02-17T09:42:22.791Z","level":"success","source":"system","message":"Configuration updated for key: mosque-5788tuii","metadata":{"key":"mosque-5788tuii","updatedBy":"254766cb-ad42-4332-860e-a58b74f6eb55"}}
{"id":"207823fa-a8a9-45ab-a6de-25487d926413","timestamp":"2026-02-17T09:42:22.817Z","level":"success","source":"admin","message":"Configuration saved manually","metadata":{"timestamp":"2026-02-17T09:42:22.797Z"}}
{"id":"7c45161c-fb10-47aa-a534-76f7053453ba","timestamp":"2026-02-17T09:42:31.806Z","level":"success","source":"system","message":"Configuration updated for key: mosque-5788tuii","metadata":{"key":"mosque-5788tuii","updatedBy":"254766cb-ad42-4332-860e-a58b74f6eb55"}}
{"id":"fd729f6e-2626-43a7-9088-7735d4f248ad","timestamp":"2026-02-17T09:42:31.823Z","level":"success","source":"admin","message":"Configuration saved manually","metadata":{"timestamp":"2026-02-17T09:42:31.810Z"}}
{"id":"df93c0b0-ec3a-4230-b31a-bf65a624ea75","timestamp":"2026-02-17T09:42:38.448Z","level":"success","source":"system","message":"Configuration updated for key: mosque-5788tuii","metadata":{"key":"mosque-5788tuii","updatedBy":"254766cb-ad42-4332-860e-a58b74f6eb55"}}
{"id":"f8d8e057-fa06-4f0a-b840-f673c1016a8c","timestamp":"2026-02-17T09:42:38.461Z","level":"success","source":"admin","message":"Configuration saved manually","metadata":{"timestamp":"2026-02-17T09:42:38.451Z"}}
{"id":"3a91cf6c-e961-4cab-be79-a926a81149b4","timestamp":"2026-02-17T09:42:42.113Z","level":"success","source":"system","message":"Configuration updated for key: mosque-5788tuii","metadata":{"key":"mosque-5788tuii","updatedBy":"254766cb-ad42-4332-860e-a58b74f6eb55"}}
{"id":"da3ae5c1-1806-4b19-a4c4-1b5cacd7c453","timestamp":"2026-02-17T09:42:42.127Z","level":"success","source":"admin","message":"Configuration saved manually","metadata":{"timestamp":"2026-02-17T09:42:42.118Z"}}
{"id":"f012fed5-7293-4aa6-822b-b4a090154bca","timestamp":"2026-02-17T09:42:45.164Z","level":"success","source":"system","message":"Configuration updated for key: mosque-5788tuii","metadata":{"key":"mosque-5788tuii","updatedBy":"254766cb-ad42-4332-860e-a58b74f6eb55"}}
{"id":"1dee8bf8-e58e-4c86-afa6-1e3623c2f09a","timestamp":"2026-02-17T09:42:45.185Z","level":"success","source":"admin","message":"Configuration saved manually","metadata":{"timestamp":"2026-02-17T09:42:45.174Z"}}
{"id":"a151b34a-79b3-46af-b1b7-af7ed49c3800","timestamp":"2026-02-17T09:44:07.831Z","level":"success","source":"system","message":"Configuration updated for key: mosque-5788tuii","metadata":{"key":"mosque-5788tuii","updatedBy":"254766cb-ad42-4332-860e-a58b74f6eb55"}}
{"id":"5738d910-0bcc-4645-9214-a8e078fda0ab","timestamp":"2026-02-17T09:44:07.872Z","level":"success","source":"admin","message":"Configuration saved manually","metadata":{"timestamp":"2026-02-17T09:44:07.853Z"}}
{"id":"bc50beb6-3b81-44bd-b27f-06a5c6818ccb","timestamp":"2026-02-17T09:44:16.725Z","level":"success","source":"system","message":"Configuration updated for key: mosque-5788tuii","metadata":{"key":"mosque-5788tuii","updatedBy":"254766cb-ad42-4332-860e-a58b74f6eb55"}}
{"id":"fdf4fe8b-1537-4a51-9fef-c8065e552081","timestamp":"2026-02-17T09:44:16.749Z","level":"success","source":"admin","message":"Configuration saved manually","metadata":{"timestamp":"2026-02-17T09:44:16.731Z"}}
{"id":"48bb4025-75ef-4b0e-afdc-b2cad1b5e74c","timestamp":"2026-02-17T09:44:21.154Z","level":"success","source":"system","message":"Configuration updated for key: mosque-5788tuii","metadata":{"key":"mosque-5788tuii","updatedBy":"254766cb-ad42-4332-860e-a58b74f6eb55"}}
{"id":"9a3970a4-a12d-4661-bd8d-e3c7dfdbfe58","timestamp":"2026-02-17T09:44:21.169Z","level":"success","source":"admin","message":"Configuration saved manually","metadata":{"timestamp":"2026-02-17T09:44:21.158Z"}}
{"id":"fdbceee1-f9c0-4e2f-b06f-b46625b7b92e","timestamp":"2026-02-17T09:44:43.886Z","level":"success","source":"system","message":"Configuration updated for key: mosque-5788tuii","metadata":{"key":"mosque-5788tuii","updatedBy":"254766cb-ad42-4332-860e-a58b74f6eb55"}}
{"id":"f76a125d-0038-4448-9a15-e68eca944475","timestamp":"2026-02-17T09:44:43.919Z","level":"success","source":"admin","message":"Configuration saved manually","metadata":{"timestamp":"2026-02-17T09:44:43.900Z"}}
{"id":"2652ff8e-d91f-46b6-a7f7-86c58a8c2d75","timestamp":"2026-02-17T09:44:54.446Z","level":"success","source":"system","message":"Configuration updated for key: mosque-5788tuii","metadata":{"key":"mosque-5788tuii","updatedBy":"254766cb-ad42-4332-860e-a58b74f6eb55"}}
{"id":"af5334ee-11f7-463e-96de-5ca3ee502618","timestamp":"2026-02-17T09:44:54.474Z","level":"success","source":"admin","message":"Configuration saved manually","metadata":{"timestamp":"2026-02-17T09:44:54.455Z"}}
{"id":"9fd21b36-fff8-43f0-9174-3b2b3812d044","timestamp":"2026-02-17T09:46:12.381Z","level":"success","source":"system","message":"Configuration updated for key: mosque-5788tuii","metadata":{"key":"mosque-5788tuii","updatedBy":"254766cb-ad42-4332-860e-a58b74f6eb55"}}
{"id":"e878cfa4-3944-4ad4-9b6b-ecb84e1cc4c8","timestamp":"2026-02-17T09:46:12.395Z","level":"success","source":"admin","message":"Configuration saved manually","metadata":{"timestamp":"2026-02-17T09:46:12.384Z"}}
{"id":"16b2c635-8f1a-4cfd-b808-3958accd466b","timestamp":"2026-02-17T09:53:10.087Z","level":"success","source":"system","message":"Configuration updated for key: mosque-5788tuii","metadata":{"key":"mosque-5788tuii","updatedBy":"254766cb-ad42-4332-860e-a58b74f6eb55"}}
{"id":"213e037c-7260-40ae-ab0f-c021317a2cff","timestamp":"2026-02-17T09:53:10.115Z","level":"success","source":"admin","message":"Configuration saved manually","metadata":{"timestamp":"2026-02-17T09:53:10.100Z"}}
{"id":"53807c21-2d6f-428f-90ea-878c40fab9f7","timestamp":"2026-02-17T09:53:32.326Z","level":"success","source":"system","message":"Configuration updated for key: mosque-5788tuii","metadata":{"key":"mosque-5788tuii","updatedBy":"254766cb-ad42-4332-860e-a58b74f6eb55"}}
{"id":"b852e68a-4e99-414f-a24b-714048156264","timestamp":"2026-02-17T09:53:32.349Z","level":"success","source":"admin","message":"Configuration saved manually","metadata":{"timestamp":"2026-02-17T09:53:32.337Z"}}
{"id":"66f1a93f-a445-4bb1-919a-596045f91da7","timestamp":"2026-02-17T09:53:34.132Z","level":"success","source":"system","message":"Configuration updated for key: mosque-5788tuii","metadata":{"key":"mosque-5788tuii","updatedBy":"254766cb-ad42-4332-860e-a58b74f6eb55"}}
{"id":"e3b7be19-9076-41ba-892d-17ad6a79ff61","timestamp":"2026-02-17T09:53:34.153Z","level":"success","source":"admin","message":"Configuration saved manually","metadata":{"timestamp":"2026-02-17T09:53:34.138Z"}}
{"id":"3da48fe1-af39-443c-8704-678f7515c925","timestamp":"2026-02-17T09:53:54.514Z","level":"success","source":"system","message":"Configuration updated for key: mosque-5788tuii","metadata":{"key":"mosque-5788tuii","updatedBy":"254766cb-ad42-4332-860e-a58b74f6eb55"}}
{"id":"d52d0cd1-6d5c-4764-9799-4fa5fd003f72","timestamp":"2026-02-17T09:53:54.531Z","level":"success","source":"admin","message":"Configuration saved manually","metadata":{"timestamp":"2026-02-17T09:53:54.520Z"}}
{"id":"007d2a09-2375-4c29-990e-0eb45bca78fb","timestamp":"2026-02-17T09:54:00.101Z","level":"success","source":"system","message":"Configuration updated for key: mosque-5788tuii","metadata":{"key":"mosque-5788tuii","updatedBy":"254766cb-ad42-4332-860e-a58b74f6eb55"}}
{"id":"8336977b-71e2-4f87-bcf2-073cace5004a","timestamp":"2026-02-17T09:54:00.117Z","level":"success","source":"admin","message":"Configuration saved manually","metadata":{"timestamp":"2026-02-17T09:54:00.107Z"}}
{"id":"3da0563d-1d63-4fe2-961b-fead524202e4","timestamp":"2026-02-17T13:49:34.259Z","level":"success","source":"system","message":"Configuration updated for key: mosque-5788tuii","metadata":{"key":"mosque-5788tuii","updatedBy":"254766cb-ad42-4332-860e-a58b74f6eb55"}}
{"id":"2004dc6f-fafe-4895-81e9-0f9468f77a17","timestamp":"2026-02-17T13:49:34.344Z","level":"success","source":"admin","message":"Configuration saved manually","metadata":{"timestamp":"2026-02-17T13:49:34.268Z"}}
{"id":"4e222cb3-96f3-47c7-ac2c-191ca39d5f99","timestamp":"2026-02-17T13:52:28.609Z","level":"success","source":"system","message":"Configuration updated for key: mosque-5788tuii","metadata":{"key":"mosque-5788tuii","updatedBy":"254766cb-ad42-4332-860e-a58b74f6eb55"}}
{"id":"4eda3a34-4b13-45c2-b083-4b11ad64268b","timestamp":"2026-02-17T13:52:28.628Z","level":"success","source":"admin","message":"Configuration saved manually","metadata":{"timestamp":"2026-02-17T13:52:28.613Z"}}
{"id":"debc4ca0-84d6-4ded-baf4-422532471367","timestamp":"2026-02-17T13:52:35.439Z","level":"success","source":"system","message":"Configuration updated for key: mosque-5788tuii","metadata":{"key":"mosque-5788tuii","updatedBy":"254766cb-ad42-4332-860e-a58b74f6eb55"}}
{"id":"540a4dc6-d966-4bb6-8fa5-d9e6a60f3607","timestamp":"2026-02-17T13:52:35.455Z","level":"success","source":"admin","message":"Configuration saved manually","metadata":{"timestamp":"2026-02-17T13:52:35.442Z"}}
{"id":"d2e9863e-6e74-4dbd-981a-2ee18cfa79d8","timestamp":"2026-02-17T13:52:40.034Z","level":"success","source":"system","message":"Configuration updated for key: mosque-5788tuii","metadata":{"key":"mosque-5788tuii","updatedBy":"254766cb-ad42-4332-860e-a58b74f6eb55"}}
{"id":"60832478-2634-4402-98d9-4252bc8421fe","timestamp":"2026-02-17T13:52:40.059Z","level":"success","source":"admin","message":"Configuration saved manually","metadata":{"timestamp":"2026-02-17T13:52:40.043Z"}}
{"id":"b1b17251-3079-483e-96d8-62680e216af3","timestamp":"2026-02-17T13:52:46.856Z","level":"success","source":"system","message":"Configuration updated for key: mosque-5788tuii","metadata":{"key":"mosque-5788tuii","updatedBy":"254766cb-ad42-4332-860e-a58b74f6eb55"}}
{"id":"1c9300d5-001f-4da3-91f0-7fd6a5141247","timestamp":"2026-02-17T13:52:46.888Z","level":"success","source":"admin","message":"Configuration saved manually","metadata":{"timestamp":"2026-02-17T13:52:46.868Z"}}
{"id":"0342884f-40a3-4108-9d0f-0044f8525383","timestamp":"2026-02-17T13:52:54.342Z","level":"success","source":"system","message":"Configuration updated for key: mosque-5788tuii","metadata":{"key":"mosque-5788tuii","updatedBy":"254766cb-ad42-4332-860e-a58b74f6eb55"}}
{"id":"ac59799b-d44f-4a07-b898-38580c723bee","timestamp":"2026-02-17T13:52:54.359Z","level":"success","source":"admin","message":"Configuration saved manually","metadata":{"timestamp":"2026-02-17T13:52:54.345Z"}}
{"id":"2ffb17f9-de71-4348-ac16-7110b941fa80","timestamp":"2026-02-17T13:53:26.408Z","level":"success","source":"system","message":"Configuration updated for key: mosque-5788tuii","metadata":{"key":"mosque-5788tuii","updatedBy":"254766cb-ad42-4332-860e-a58b74f6eb55"}}
{"id":"04aa3d80-48f4-40e3-887b-dad72160f12e","timestamp":"2026-02-17T13:53:26.435Z","level":"success","source":"admin","message":"Configuration saved manually","metadata":{"timestamp":"2026-02-17T13:53:26.422Z"}}
{"id":"deeb05cf-da1e-4626-80be-830f7cf2be09","timestamp":"2026-02-22T03:39:45.035Z","level":"success","source":"system","message":"Configuration updated for key: mosque-5788tuii","metadata":{"key":"mosque-5788tuii","updatedBy":"254766cb-ad42-4332-860e-a58b74f6eb55"}}
{"id":"72126250-426a-468c-b48a-35c7d93f551d","timestamp":"2026-02-22T03:39:45.110Z","level":"success","source":"admin","message":"Configuration saved manually","metadata":{"timestamp":"2026-02-22T03:39:45.039Z"}}
{"id":"d548b842-338f-43cc-8141-2f660bbeb6fb","timestamp":"2026-02-22T03:39:54.202Z","level":"success","source":"system","message":"Configuration updated for key: mosque-5788tuii","metadata":{"key":"mosque-5788tuii","updatedBy":"254766cb-ad42-4332-860e-a58b74f6eb55"}}
{"id":"c7fe211a-c712-4e00-9c41-4fd0df62b41f","timestamp":"2026-02-22T03:39:54.234Z","level":"success","source":"admin","message":"Configuration saved manually","metadata":{"timestamp":"2026-02-22T03:39:54.219Z"}}
{"id":"9169e6b2-5648-4861-bbc1-a0cc9ca44cc0","timestamp":"2026-02-22T03:49:49.782Z","level":"success","source":"system","message":"Configuration updated for key: mosque-5788tuii","metadata":{"key":"mosque-5788tuii","updatedBy":"254766cb-ad42-4332-860e-a58b74f6eb55"}}
{"id":"e3a37b01-4902-4dc6-af37-2380dc359999","timestamp":"2026-02-22T03:49:49.803Z","level":"success","source":"admin","message":"Configuration saved manually","metadata":{"timestamp":"2026-02-22T03:49:49.786Z"}}
{"id":"a771b743-9a8c-40b9-8473-90c0dedce57a","timestamp":"2026-02-22T03:58:04.231Z","level":"success","source":"system","message":"Configuration updated for key: mosque-5788tuii","metadata":{"key":"mosque-5788tuii","updatedBy":"254766cb-ad42-4332-860e-a58b74f6eb55"}}
{"id":"3024300c-112d-4e3f-8661-0b2001fd2273","timestamp":"2026-02-22T03:58:04.291Z","level":"success","source":"admin","message":"Configuration saved manually","metadata":{"timestamp":"2026-02-22T03:58:04.234Z"}}
{"id":"40cd766f-ae81-4093-bbb4-768bd81f997e","timestamp":"2026-02-22T03:58:10.518Z","level":"success","source":"system","message":"Configuration updated for key: mosque-5788tuii","metadata":{"key":"mosque-5788tuii","updatedBy":"254766cb-ad42-4332-860e-a58b74f6eb55"}}
{"id":"b96f63c0-116f-492a-b377-0ad4563c5d1a","timestamp":"2026-02-22T03:58:10.537Z","level":"success","source":"admin","message":"Configuration saved manually","metadata":{"timestamp":"2026-02-22T03:58:10.524Z"}}
{"id":"779bbe77-575a-46d6-8713-1a329ead5f07","timestamp":"2026-02-22T04:27:42.496Z","level":"success","source":"system","message":"Configuration updated for key: mosque-5788tuii","metadata":{"key":"mosque-5788tuii","updatedBy":"254766cb-ad42-4332-860e-a58b74f6eb55"}}
{"id":"97283d69-69fc-4bf4-b24a-b18c507708c0","timestamp":"2026-02-22T04:27:42.560Z","level":"success","source":"admin","message":"Configuration saved manually","metadata":{"timestamp":"2026-02-22T04:27:42.499Z"}}
{"id":"95760103-87ed-4201-b739-b9e0e7314bfd","timestamp":"2026-02-22T04:28:13.021Z","level":"success","source":"system","message":"Configuration updated for key: mosque-5788tuii","metadata":{"key":"mosque-5788tuii","updatedBy":"254766cb-ad42-4332-860e-a58b74f6eb55"}}
{"id":"68534b45-54ce-481a-926d-95d7a0786c41","timestamp":"2026-02-22T04:28:13.041Z","level":"success","source":"admin","message":"Configuration saved manually","metadata":{"timestamp":"2026-02-22T04:28:13.025Z"}}
{"id":"daba5f8d-f31f-44ae-a484-47b2d50cc7fb","timestamp":"2026-02-22T04:42:52.620Z","level":"success","source":"system","message":"Configuration updated for key: mosque-5788tuii","metadata":{"key":"mosque-5788tuii","updatedBy":"254766cb-ad42-4332-860e-a58b74f6eb55"}}
{"id":"f72ff6f3-6491-4bd3-9ba4-950a935cf39a","timestamp":"2026-02-22T04:42:52.722Z","level":"success","source":"admin","message":"Configuration saved manually","metadata":{"timestamp":"2026-02-22T04:42:52.628Z"}}
{"id":"465aac5e-9c95-4268-a2d1-617efcd6ed81","timestamp":"2026-02-22T04:43:02.193Z","level":"success","source":"system","message":"Configuration updated for key: mosque-5788tuii","metadata":{"key":"mosque-5788tuii","updatedBy":"254766cb-ad42-4332-860e-a58b74f6eb55"}}
{"id":"f4b2e85b-62a2-4b9b-b37e-19b66ec9e27a","timestamp":"2026-02-22T04:43:02.211Z","level":"success","source":"admin","message":"Configuration saved manually","metadata":{"timestamp":"2026-02-22T04:43:02.196Z"}}
{"id":"cce8c615-fa97-4855-bde0-3450d33d5803","timestamp":"2026-02-22T04:44:02.071Z","level":"info","source":"system","message":"Client Connected: clock-uz8ce9ybc","metadata":{"key":"mosque-5788tuii","deviceId":"clock-uz8ce9ybc"}}
{"id":"c136a4a1-a81c-4c3b-920d-18e0adfed0b5","timestamp":"2026-02-22T04:44:10.187Z","level":"success","source":"system","message":"Configuration updated for key: mosque-5788tuii","metadata":{"key":"mosque-5788tuii","updatedBy":"254766cb-ad42-4332-860e-a58b74f6eb55"}}
{"id":"b06108ff-67f4-494a-baf3-14ed7970d2bb","timestamp":"2026-02-22T04:44:10.206Z","level":"success","source":"admin","message":"Configuration saved manually","metadata":{"timestamp":"2026-02-22T04:44:10.193Z"}}
{"id":"ff3fcf07-fbc0-4fce-9f2a-846acb5dabc2","timestamp":"2026-02-22T04:44:50.962Z","level":"success","source":"system","message":"Configuration updated for key: mosque-5788tuii","metadata":{"key":"mosque-5788tuii","updatedBy":"254766cb-ad42-4332-860e-a58b74f6eb55"}}
{"id":"6d1b0bf7-7be7-42aa-844d-1dc85bce39f9","timestamp":"2026-02-22T04:44:50.980Z","level":"success","source":"admin","message":"Configuration saved manually","metadata":{"timestamp":"2026-02-22T04:44:50.965Z"}}
{"id":"ab3266fa-fb9f-4834-bc5d-004101f549da","timestamp":"2026-02-22T04:45:41.528Z","level":"success","source":"system","message":"Configuration updated for key: mosque-5788tuii","metadata":{"key":"mosque-5788tuii","updatedBy":"254766cb-ad42-4332-860e-a58b74f6eb55"}}
{"id":"28af51fd-83c8-43d4-a491-768dfa352048","timestamp":"2026-02-22T04:45:41.554Z","level":"success","source":"admin","message":"Configuration saved manually","metadata":{"timestamp":"2026-02-22T04:45:41.536Z"}}
{"id":"7cbd965f-4f50-4dd9-a88a-ca16347e2a99","timestamp":"2026-02-22T04:45:45.099Z","level":"success","source":"system","message":"Configuration updated for key: mosque-5788tuii","metadata":{"key":"mosque-5788tuii","updatedBy":"254766cb-ad42-4332-860e-a58b74f6eb55"}}
{"id":"404c88eb-d725-4aba-9a22-77c2385ddf63","timestamp":"2026-02-22T04:45:45.118Z","level":"success","source":"admin","message":"Configuration saved manually","metadata":{"timestamp":"2026-02-22T04:45:45.107Z"}}
{"id":"3acaf37c-8d38-4e4d-afe6-c0acdf20bf67","timestamp":"2026-02-22T04:47:05.636Z","level":"success","source":"system","message":"Configuration updated for key: mosque-5788tuii","metadata":{"key":"mosque-5788tuii","updatedBy":"254766cb-ad42-4332-860e-a58b74f6eb55"}}
{"id":"1f99ac69-af68-4c3a-923d-d38f0e030edc","timestamp":"2026-02-22T04:47:05.664Z","level":"success","source":"admin","message":"Configuration saved manually","metadata":{"timestamp":"2026-02-22T04:47:05.640Z"}}
{"id":"0542380a-943e-44a0-818e-f596510d9dee","timestamp":"2026-02-22T04:47:39.508Z","level":"success","source":"system","message":"Configuration updated for key: mosque-5788tuii","metadata":{"key":"mosque-5788tuii","updatedBy":"254766cb-ad42-4332-860e-a58b74f6eb55"}}
{"id":"11fea6f5-dff6-4315-a61e-7789a9beb362","timestamp":"2026-02-22T04:47:39.533Z","level":"success","source":"admin","message":"Configuration saved manually","metadata":{"timestamp":"2026-02-22T04:47:39.513Z"}}
{"id":"c3990259-d86f-4fa2-937a-0cd29feab303","timestamp":"2026-02-22T04:47:40.145Z","level":"success","source":"system","message":"Configuration updated for key: mosque-5788tuii","metadata":{"key":"mosque-5788tuii","updatedBy":"254766cb-ad42-4332-860e-a58b74f6eb55"}}
{"id":"2b2e518d-52a4-4e77-aa36-ec75d06b8e31","timestamp":"2026-02-22T04:47:40.170Z","level":"success","source":"admin","message":"Configuration saved manually","metadata":{"timestamp":"2026-02-22T04:47:40.157Z"}}
{"id":"8704ba30-6971-405e-8c91-42cadcc778df","timestamp":"2026-02-22T05:10:32.608Z","level":"info","source":"system","message":"Client Connected: clock-uz8ce9ybc","metadata":{"key":"mosque-5788tuii","deviceId":"clock-uz8ce9ybc"}}
{"id":"234f88b0-51b3-4c8f-b35e-f8e0882709d0","timestamp":"2026-02-22T05:41:05.181Z","level":"info","source":"system","message":"Client Connected: clock-uz8ce9ybc","metadata":{"key":"mosque-5788tuii","deviceId":"clock-uz8ce9ybc"}}
{"id":"29f4f120-f529-4230-bb6c-f897b0c7185f","timestamp":"2026-02-22T06:11:05.184Z","level":"info","source":"system","message":"Client Connected: clock-uz8ce9ybc","metadata":{"key":"mosque-5788tuii","deviceId":"clock-uz8ce9ybc"}}
{"id":"ba5e24b8-3ca6-4237-a43d-2e59e16e2dde","timestamp":"2026-02-22T06:41:05.187Z","level":"info","source":"system","message":"Client Connected: clock-uz8ce9ybc","metadata":{"key":"mosque-5788tuii","deviceId":"clock-uz8ce9ybc"}}
{"id":"251a8fd1-aafc-4a21-bb33-10b881bb6180","timestamp":"2026-02-22T07:11:05.191Z","level":"info","source":"system","message":"Client Connected: clock-uz8ce9ybc","metadata":{"key":"mosque-5788tuii","deviceId":"clock-uz8ce9ybc"}}
